src/Engine/Core/ClientGameEngine.cpp:434:  Missing username in TODO; it should look like "// TODO(my_username): Stuff."  [readability/todo] [2]
src/Engine/Lib/Components/GroundComponent.hpp:16:  Could not find a newline character at the end of the file.  [whitespace/ending_newline] [5]
Done processing src/Engine/Core/ClientGameEngine.cpp
Done processing src/Engine/Core/ClientGameEngine.hpp
Done processing src/Engine/Core/ECS/Context.hpp
Done processing src/Engine/Core/ECS/ECS.hpp
Done processing src/Engine/Core/ECS/EcsType.hpp
Done processing src/Engine/Core/ECS/ISystem.hpp
Done processing src/Engine/Core/ECS/Registry/registry.cpp
Done processing src/Engine/Core/ECS/Registry/registry.hpp
Done processing src/Engine/Core/ECS/SystemManager/SystemManager.cpp
Done processing src/Engine/Core/ECS/SystemManager/SystemManager.hpp
Done processing src/Engine/Core/ECS/Utils/Guid/Guid.cpp
Done processing src/Engine/Core/ECS/Utils/Guid/Guid.hpp
Done processing src/Engine/Core/ECS/Utils/Hash/Hash.hpp
Done processing src/Engine/Core/ECS/Utils/slot_map/slot_map.hpp
Done processing src/Engine/Core/ECS/Utils/sparse_set/SparseSet.hpp
Done processing src/Engine/Core/GameEngineBase.hpp
Done processing src/Engine/Core/GameEngineConfig.hpp
Done processing src/Engine/Core/LobbyManager.cpp
Done processing src/Engine/Core/LobbyManager.hpp
Done processing src/Engine/Core/LobbyState.hpp
Done processing src/Engine/Core/NetworkEngine/NetworkEngine.cpp
Done processing src/Engine/Core/NetworkEngine/NetworkEngine.hpp
Done processing src/Engine/Core/Scene/LevelConfig.hpp
Done processing src/Engine/Core/Scene/SceneLoader.hpp
Done processing src/Engine/Core/Scene/SceneManager.hpp
Done processing src/Engine/Core/ServerGameEngine.cpp
Done processing src/Engine/Core/ServerGameEngine.hpp
Done processing src/Engine/Core/Voice/VoiceManager.cpp
Done processing src/Engine/Core/Voice/VoiceManager.hpp
Done processing src/Engine/Graphics/WindowManager.cpp
Done processing src/Engine/Graphics/WindowManager.hpp
Done processing src/Engine/Inputs/ActionRegistry.cpp
Done processing src/Engine/Inputs/ActionRegistry.hpp
Done processing src/Engine/Inputs/InputAction.hpp
Done processing src/Engine/Inputs/InputBinding.hpp
Done processing src/Engine/Inputs/InputConfig.hpp
Done processing src/Engine/Inputs/InputManager/ClientInputManager.cpp
Done processing src/Engine/Inputs/InputManager/ClientInputManager.hpp
Done processing src/Engine/Inputs/InputManager/InputManager.cpp
Done processing src/Engine/Inputs/InputManager/InputManager.hpp
Done processing src/Engine/Inputs/InputManager/InputManagerBase.cpp
Done processing src/Engine/Inputs/InputManager/InputManagerBase.hpp
Done processing src/Engine/Inputs/InputManager/ServerInputManager.cpp
Done processing src/Engine/Inputs/InputManager/ServerInputManager.hpp
Done processing src/Engine/Inputs/InputState.hpp
Done processing src/Engine/Inputs/InputSystem.hpp
Done processing src/Engine/Lib/Actors/AActor.cpp
Done processing src/Engine/Lib/Actors/AActor.hpp
Done processing src/Engine/Lib/Actors/DynamicActor.cpp
Done processing src/Engine/Lib/Actors/DynamicActor.hpp
Done processing src/Engine/Lib/Actors/StaticActor.hpp
Done processing src/Engine/Lib/Components/AudioComponent.hpp
Done processing src/Engine/Lib/Components/GravityComponent.hpp
Done processing src/Engine/Lib/Components/GroundComponent.hpp
Done processing src/Engine/Lib/Components/LobbyIdComponent.hpp
Done processing src/Engine/Lib/Components/NetworkComponents.hpp
Done processing src/Engine/Lib/Components/PredictionComponent.hpp
Done processing src/Engine/Lib/Components/Sprite/AnimatedSprite2D.hpp
Done processing src/Engine/Lib/Components/Sprite/Sprite2D.hpp
Done processing src/Engine/Lib/Components/StandardComponents.hpp
Done processing src/Engine/Lib/Components/StructDatas/Rect2D.hpp
Done processing src/Engine/Lib/Components/StructDatas/RenderLayer.hpp
Done processing src/Engine/Lib/Components/StructDatas/Vector2D.hpp
Done processing src/Engine/Lib/Components/serialize/NetworkTraits.hpp
Done processing src/Engine/Lib/Components/serialize/StandardComponents_serialize.hpp
Done processing src/Engine/Lib/Components/serialize/score_component_serialize.hpp
Done processing src/Engine/Lib/Components/serialize/serialize.hpp
Done processing src/Engine/Lib/Components/serialize/tag_component_serialize.hpp
Done processing src/Engine/Lib/Components/tag_component.hpp
Done processing src/Engine/Lib/Environment/Environment.hpp
Done processing src/Engine/Lib/Systems/ActionScriptSystem.cpp
Done processing src/Engine/Lib/Systems/ActionScriptSystem.hpp
Done processing src/Engine/Lib/Systems/AnimationSystem/AnimationSystem.cpp
Done processing src/Engine/Lib/Systems/AnimationSystem/AnimationSystem.hpp
Done processing src/Engine/Lib/Systems/AudioSystem.cpp
Done processing src/Engine/Lib/Systems/AudioSystem.hpp
Done processing src/Engine/Lib/Systems/BackgroundSystem.cpp
Done processing src/Engine/Lib/Systems/BackgroundSystem.hpp
Done processing src/Engine/Lib/Systems/CollisionSystem.cpp
Done processing src/Engine/Lib/Systems/CollisionSystem.hpp
Done processing src/Engine/Lib/Systems/ComponentSenderSystem/ComponentSenderSystem.cpp
Done processing src/Engine/Lib/Systems/ComponentSenderSystem/ComponentSenderSystem.hpp
Done processing src/Engine/Lib/Systems/DestructionSystem.cpp
Done processing src/Engine/Lib/Systems/DestructionSystem.hpp
Done processing src/Engine/Lib/Systems/GravitySystem/GravitySystem.cpp
Done processing src/Engine/Lib/Systems/GravitySystem/GravitySystem.hpp
Done processing src/Engine/Lib/Systems/NewRenderSystem/NewRenderSystem.cpp
Done processing src/Engine/Lib/Systems/NewRenderSystem/NewRenderSystem.hpp
Done processing src/Engine/Lib/Systems/PatternSystem/PatternSystem.cpp
Done processing src/Engine/Lib/Systems/PatternSystem/PatternSystem.hpp
Done processing src/Engine/Lib/Systems/PhysicsSystem.cpp
Done processing src/Engine/Lib/Systems/PhysicsSystem.hpp
Done processing src/Engine/Lib/Systems/PlayerBoundsSystem.cpp
Done processing src/Engine/Lib/Systems/PlayerBoundsSystem.hpp
Done processing src/Engine/Lib/Systems/PredictionSystem.hpp
Done processing src/Engine/Lib/Systems/RenderSystem.cpp
Done processing src/Engine/Lib/Systems/RenderSystem.hpp
Done processing src/Engine/Lib/Systems/ResourceSystem.cpp
Done processing src/Engine/Lib/Systems/ResourceSystem.hpp
Done processing src/Engine/Lib/Systems/ScrollSystem.cpp
Done processing src/Engine/Lib/Systems/ScrollSystem.hpp
Done processing src/Engine/Lib/Systems/SpawnSystem.cpp
Done processing src/Engine/Lib/Systems/SpawnSystem.hpp
Done processing src/Engine/Lib/Utils/LobbyUtils.hpp
Done processing src/Engine/Resources/ClientResourceManager.hpp
Done processing src/Engine/Resources/ResourceConfig.hpp
Done processing src/Engine/Resources/ResourceManagerBase.hpp
Done processing src/Engine/Resources/ServerResourceManager.hpp
Done processing src/RType/Common/Components/LevelTransitionComponent.hpp
Done processing src/RType/Common/Components/behavior_component.hpp
Done processing src/RType/Common/Components/boss_component.hpp
Done processing src/RType/Common/Components/charged_shot.hpp
Done processing src/RType/Common/Components/config.cpp
Done processing src/RType/Common/Components/config.hpp
Done processing src/RType/Common/Components/damage_component.hpp
Done processing src/RType/Common/Components/game_over_notification.hpp
Done processing src/RType/Common/Components/game_timer.hpp
Done processing src/RType/Common/Components/last_damage_dealer.hpp
Done processing src/RType/Common/Components/leaderboard_component.hpp
Done processing src/RType/Common/Components/mob_component.hpp
Done processing src/RType/Common/Components/pod_component.hpp
Done processing src/RType/Common/Components/powerup_component.hpp
Done processing src/RType/Common/Components/scripted_spawn.hpp
Done processing src/RType/Common/Components/shooter_component.hpp
Done processing src/RType/Common/Components/spawn.hpp
Done processing src/RType/Common/Components/spectator_component.hpp
Done processing src/RType/Common/Components/status_display_components.hpp
Done processing src/RType/Common/Components/team_component.hpp
Done processing src/RType/Common/Components/terrain_component.hpp
Done processing src/RType/Common/Entities/Mobs/all_mobs.hpp
Done processing src/RType/Common/Entities/Mobs/boss.cpp
Done processing src/RType/Common/Entities/Mobs/fighter.cpp
Done processing src/RType/Common/Entities/Mobs/kamikaze.cpp
Done processing src/RType/Common/Entities/Mobs/mob_spawner.hpp
Done processing src/RType/Common/Entities/Mobs/obstacle.cpp
Done processing src/RType/Common/Entities/Mobs/scout.cpp
Done processing src/RType/Common/Entities/Mobs/shooter_mob.cpp
Done processing src/RType/Common/Entities/Mobs/tank.cpp
Done processing src/RType/Common/Entities/Player/Player.cpp
Done processing src/RType/Common/Entities/Player/Player.hpp
Done processing src/RType/Common/Lib/GameManager/GameManager.cpp
Done processing src/RType/Common/Lib/GameManager/GameManager.hpp
Done processing src/RType/Common/Lib/GameManager/GameManagerInit.cpp
Done processing src/RType/Common/Lib/GameManager/GameManagerInput.cpp
Done processing src/RType/Common/Lib/GameManager/GameManagerState.cpp
Done processing src/RType/Common/Lib/GameManager/auth/AuthManager.cpp
Done processing src/RType/Common/Lib/GameManager/auth/AuthManager.hpp
Done processing src/RType/Common/Lib/GameManager/lobby/LobbyManager.cpp
Done processing src/RType/Common/Lib/GameManager/lobby/LobbyManager.hpp
Done processing src/RType/Common/Lib/GameManager/menu/MenuManager.cpp
Done processing src/RType/Common/Lib/GameManager/menu/MenuManager.hpp
Done processing src/RType/Common/Scene/ScenePrefabs.hpp
Done processing src/RType/Common/Systems/animation_helper.hpp
Done processing src/RType/Common/Systems/behavior.cpp
Done processing src/RType/Common/Systems/behavior.hpp
Done processing src/RType/Common/Systems/boss_system.cpp
Done processing src/RType/Common/Systems/boss_system.hpp
Done processing src/RType/Common/Systems/boss_tail.cpp
Done processing src/RType/Common/Systems/boss_tail.hpp
Done processing src/RType/Common/Systems/damage.cpp
Done processing src/RType/Common/Systems/damage.hpp
Done processing src/RType/Common/Systems/game_state_system.cpp
Done processing src/RType/Common/Systems/game_state_system.hpp
Done processing src/RType/Common/Systems/health.cpp
Done processing src/RType/Common/Systems/health.hpp
Done processing src/RType/Common/Systems/leaderboard_system.cpp
Done processing src/RType/Common/Systems/leaderboard_system.hpp
Done processing src/RType/Common/Systems/level_transition.cpp
Done processing src/RType/Common/Systems/level_transition.hpp
Done processing src/RType/Common/Systems/pod_system.cpp
Done processing src/RType/Common/Systems/pod_system.hpp
Done processing src/RType/Common/Systems/powerup.cpp
Done processing src/RType/Common/Systems/powerup.hpp
Done processing src/RType/Common/Systems/projectile_cleanup.cpp
Done processing src/RType/Common/Systems/projectile_cleanup.hpp
Done processing src/RType/Common/Systems/score.cpp
Done processing src/RType/Common/Systems/score.hpp
Done processing src/RType/Common/Systems/shooter.cpp
Done processing src/RType/Common/Systems/shooter.hpp
Done processing src/RType/Common/Systems/spawn.cpp
Done processing src/RType/Common/Systems/spawn.hpp
Done processing src/RType/Common/Systems/status_display.cpp
Done processing src/RType/Common/Systems/status_display.hpp
Done processing src/RType/Common/Systems/wall_collision.cpp
Done processing src/RType/Common/Systems/wall_collision.hpp
Done processing src/RType/Common/main.cpp
Done processing src/Smash/GameManager/GameManager.cpp
Done processing src/Smash/GameManager/GameManager.hpp
Done processing src/Smash/Lib/EjectionSystem.cpp
Done processing src/Smash/Lib/EjectionSystem.hpp
Done processing src/Smash/Lib/PercentageHealth.hpp
Done processing src/Smash/Lib/ProjectileComponent.hpp
Done processing src/Smash/Player/Player.cpp
Done processing src/Smash/Player/Player.hpp
Done processing src/Smash/main.cpp
Done processing src/main_example.cpp
Done processing test_input/build/CMakeFiles/3.31.6/CompilerIdCXX/CMakeCXXCompilerId.cpp
Done processing test_input/main_test_input.cpp
Done processing tests/main_tests.cpp
Done processing tests/test_collision.cpp
Done processing tests/test_damage.cpp
Done processing tests/test_health.cpp
Done processing tests/test_hierarchy.cpp
Done processing tests/test_network_manager.cpp
Done processing tests/test_pattern.cpp
Done processing tests/test_scroll.cpp
Done processing tests/test_shooter.cpp
Done processing tests/test_spawn.cpp
Total errors found: 2
